This file contains any messages produced by compilers while
running configure, to aid debugging if configure makes a mistake.

It was created by libusb configure 1.0.23, which was
generated by GNU Autoconf 2.69.  Invocation command line was

  $ /home/astra/Загрузки/proj/clb_driver_dll/extern_libs/libusb-master/configure --enable-examples-build --enable-tests-build

## --------- ##
## Platform. ##
## --------- ##

hostname = astra
uname -m = x86_64
uname -r = 4.15.3-1-generic
uname -s = Linux
uname -v = #astra21 SMP Thu Aug 22 12:16:21 UTC 2019

/usr/bin/uname -p = unknown
/bin/uname -X     = unknown

/bin/arch              = unknown
/usr/bin/arch -k       = unknown
/usr/convex/getsysinfo = unknown
/usr/bin/hostinfo      = unknown
/bin/machine           = unknown
/usr/bin/oslevel       = unknown
/bin/universe          = unknown

PATH: /usr/local/sbin
PATH: /usr/local/bin
PATH: /usr/sbin
PATH: /usr/bin
PATH: /sbin
PATH: /bin


## ----------- ##
## Core tests. ##
## ----------- ##

configure:2566: checking for a BSD-compatible install
configure:2634: result: /usr/bin/install -c
configure:2645: checking whether build environment is sane
configure:2700: result: yes
configure:2851: checking for a thread-safe mkdir -p
configure:2890: result: /bin/mkdir -p
configure:2897: checking for gawk
configure:2913: found /usr/bin/gawk
configure:2924: result: gawk
configure:2935: checking whether make sets $(MAKE)
configure:2957: result: yes
configure:2986: checking whether make supports nested variables
configure:3003: result: yes
configure:3145: checking whether make supports nested variables
configure:3162: result: yes
configure:3223: checking for gcc
configure:3239: found /usr/bin/gcc
configure:3250: result: gcc
configure:3479: checking for C compiler version
configure:3488: gcc --version >&5
gcc (Debian 6.3.0-18+deb9u1) 6.3.0 20170516
Copyright (C) 2016 Free Software Foundation, Inc.
This is free software; see the source for copying conditions.  There is NO
warranty; not even for MERCHANTABILITY or FITNESS FOR A PARTICULAR PURPOSE.

configure:3499: $? = 0
configure:3488: gcc -v >&5
Using built-in specs.
COLLECT_GCC=gcc
COLLECT_LTO_WRAPPER=/usr/lib/gcc/x86_64-linux-gnu/6/lto-wrapper
Target: x86_64-linux-gnu
Configured with: ../src/configure -v --with-pkgversion='Debian 6.3.0-18+deb9u1' --with-bugurl=file:///usr/share/doc/gcc-6/README.Bugs --enable-languages=c,ada,c++,java,go,d,fortran,objc,obj-c++ --prefix=/usr --program-suffix=-6 --program-prefix=x86_64-linux-gnu- --enable-shared --enable-linker-build-id --libexecdir=/usr/lib --without-included-gettext --enable-threads=posix --libdir=/usr/lib --enable-nls --with-sysroot=/ --enable-clocale=gnu --enable-libstdcxx-debug --enable-libstdcxx-time=yes --with-default-libstdcxx-abi=new --enable-gnu-unique-object --disable-vtable-verify --enable-libmpx --enable-plugin --enable-default-pie --with-system-zlib --disable-browser-plugin --enable-java-awt=gtk --enable-gtk-cairo --with-java-home=/usr/lib/jvm/java-1.5.0-gcj-6-amd64/jre --enable-java-home --with-jvm-root-dir=/usr/lib/jvm/java-1.5.0-gcj-6-amd64 --with-jvm-jar-dir=/usr/lib/jvm-exports/java-1.5.0-gcj-6-amd64 --with-arch-directory=amd64 --with-ecj-jar=/usr/share/java/eclipse-ecj.jar --with-target-system-zlib --enable-objc-gc=auto --enable-multiarch --with-arch-32=i686 --with-abi=m64 --with-multilib-list=m32,m64,mx32 --enable-multilib --with-tune=generic --enable-checking=release --build=x86_64-linux-gnu --host=x86_64-linux-gnu --target=x86_64-linux-gnu
Thread model: posix
gcc version 6.3.0 20170516 (Debian 6.3.0-18+deb9u1) 
configure:3499: $? = 0
configure:3488: gcc -V >&5
gcc: error: unrecognized command line option '-V'
gcc: fatal error: no input files
compilation terminated.
configure:3499: $? = 1
configure:3488: gcc -qversion >&5
gcc: error: unrecognized command line option '-qversion'; did you mean '--version'?
gcc: fatal error: no input files
compilation terminated.
configure:3499: $? = 1
configure:3519: checking whether the C compiler works
configure:3541: gcc -Wall -Wextra -Wbad-function-cast -Wchar-subscripts -Wempty-body -Wformat -Wformat-security -Winit-self -Winline -Wmissing-declarations -Wmissing-include-dirs -Wmissing-prototypes -Wnested-externs -Wold-style-definition -Wpointer-arith -Wredundant-decls -Wshadow -Wstrict-prototypes -Wswitch-enum -Wundef -Wuninitialized -Wunused -Wwrite-strings -Wno-unused-parameter -Wno-unused-function -Wno-deprecated-declarations -Wno-incompatible-pointer-types-discards-qualifiers   conftest.c  >&5
conftest.c:13:1: warning: function declaration isn't a prototype [-Wstrict-prototypes]
 main ()
 ^~~~
conftest.c: In function 'main':
conftest.c:13:1: warning: old-style function definition [-Wold-style-definition]
conftest.c: At top level:
cc1: warning: unrecognized command line option '-Wno-incompatible-pointer-types-discards-qualifiers'
configure:3545: $? = 0
configure:3593: result: yes
configure:3596: checking for C compiler default output file name
configure:3598: result: a.out
configure:3604: checking for suffix of executables
configure:3611: gcc -o conftest -Wall -Wextra -Wbad-function-cast -Wchar-subscripts -Wempty-body -Wformat -Wformat-security -Winit-self -Winline -Wmissing-declarations -Wmissing-include-dirs -Wmissing-prototypes -Wnested-externs -Wold-style-definition -Wpointer-arith -Wredundant-decls -Wshadow -Wstrict-prototypes -Wswitch-enum -Wundef -Wuninitialized -Wunused -Wwrite-strings -Wno-unused-parameter -Wno-unused-function -Wno-deprecated-declarations -Wno-incompatible-pointer-types-discards-qualifiers   conftest.c  >&5
conftest.c:13:1: warning: function declaration isn't a prototype [-Wstrict-prototypes]
 main ()
 ^~~~
conftest.c: In function 'main':
conftest.c:13:1: warning: old-style function definition [-Wold-style-definition]
conftest.c: At top level:
cc1: warning: unrecognized command line option '-Wno-incompatible-pointer-types-discards-qualifiers'
configure:3615: $? = 0
configure:3637: result: 
configure:3659: checking whether we are cross compiling
configure:3667: gcc -o conftest -Wall -Wextra -Wbad-function-cast -Wchar-subscripts -Wempty-body -Wformat -Wformat-security -Winit-self -Winline -Wmissing-declarations -Wmissing-include-dirs -Wmissing-prototypes -Wnested-externs -Wold-style-definition -Wpointer-arith -Wredundant-decls -Wshadow -Wstrict-prototypes -Wswitch-enum -Wundef -Wuninitialized -Wunused -Wwrite-strings -Wno-unused-parameter -Wno-unused-function -Wno-deprecated-declarations -Wno-incompatible-pointer-types-discards-qualifiers   conftest.c  >&5
conftest.c:13:1: warning: function declaration isn't a prototype [-Wstrict-prototypes]
 main ()
 ^~~~
conftest.c: In function 'main':
conftest.c:13:1: warning: old-style function definition [-Wold-style-definition]
conftest.c: At top level:
cc1: warning: unrecognized command line option '-Wno-incompatible-pointer-types-discards-qualifiers'
configure:3671: $? = 0
configure:3678: ./conftest
configure:3682: $? = 0
configure:3697: result: no
configure:3702: checking for suffix of object files
configure:3724: gcc -c -Wall -Wextra -Wbad-function-cast -Wchar-subscripts -Wempty-body -Wformat -Wformat-security -Winit-self -Winline -Wmissing-declarations -Wmissing-include-dirs -Wmissing-prototypes -Wnested-externs -Wold-style-definition -Wpointer-arith -Wredundant-decls -Wshadow -Wstrict-prototypes -Wswitch-enum -Wundef -Wuninitialized -Wunused -Wwrite-strings -Wno-unused-parameter -Wno-unused-function -Wno-deprecated-declarations -Wno-incompatible-pointer-types-discards-qualifiers  conftest.c >&5
conftest.c:13:1: warning: function declaration isn't a prototype [-Wstrict-prototypes]
 main ()
 ^~~~
conftest.c: In function 'main':
conftest.c:13:1: warning: old-style function definition [-Wold-style-definition]
conftest.c: At top level:
cc1: warning: unrecognized command line option '-Wno-incompatible-pointer-types-discards-qualifiers'
configure:3728: $? = 0
configure:3749: result: o
configure:3753: checking whether we are using the GNU C compiler
configure:3772: gcc -c -Wall -Wextra -Wbad-function-cast -Wchar-subscripts -Wempty-body -Wformat -Wformat-security -Winit-self -Winline -Wmissing-declarations -Wmissing-include-dirs -Wmissing-prototypes -Wnested-externs -Wold-style-definition -Wpointer-arith -Wredundant-decls -Wshadow -Wstrict-prototypes -Wswitch-enum -Wundef -Wuninitialized -Wunused -Wwrite-strings -Wno-unused-parameter -Wno-unused-function -Wno-deprecated-declarations -Wno-incompatible-pointer-types-discards-qualifiers  conftest.c >&5
conftest.c:13:1: warning: function declaration isn't a prototype [-Wstrict-prototypes]
 main ()
 ^~~~
conftest.c: In function 'main':
conftest.c:13:1: warning: old-style function definition [-Wold-style-definition]
conftest.c: At top level:
cc1: warning: unrecognized command line option '-Wno-incompatible-pointer-types-discards-qualifiers'
configure:3772: $? = 0
configure:3781: result: yes
configure:3790: checking whether gcc accepts -g
configure:3810: gcc -c -g  conftest.c >&5
configure:3810: $? = 0
configure:3851: result: yes
configure:3868: checking for gcc option to accept ISO C89
configure:3931: gcc  -c -Wall -Wextra -Wbad-function-cast -Wchar-subscripts -Wempty-body -Wformat -Wformat-security -Winit-self -Winline -Wmissing-declarations -Wmissing-include-dirs -Wmissing-prototypes -Wnested-externs -Wold-style-definition -Wpointer-arith -Wredundant-decls -Wshadow -Wstrict-prototypes -Wswitch-enum -Wundef -Wuninitialized -Wunused -Wwrite-strings -Wno-unused-parameter -Wno-unused-function -Wno-deprecated-declarations -Wno-incompatible-pointer-types-discards-qualifiers  conftest.c >&5
conftest.c:17:14: warning: function declaration isn't a prototype [-Wstrict-prototypes]
 static char *e (p, i)
              ^
conftest.c: In function 'e':
conftest.c:17:14: warning: old-style function definition [-Wold-style-definition]
conftest.c: At top level:
conftest.c:54:1: warning: function declaration isn't a prototype [-Wstrict-prototypes]
 main ()
 ^~~~
conftest.c: In function 'main':
conftest.c:54:1: warning: old-style function definition [-Wold-style-definition]
conftest.c: At top level:
cc1: warning: unrecognized command line option '-Wno-incompatible-pointer-types-discards-qualifiers'
configure:3931: $? = 0
configure:3944: result: none needed
configure:3969: checking whether gcc understands -c and -o together
configure:3991: gcc -c conftest.c -o conftest2.o
configure:3994: $? = 0
configure:3991: gcc -c conftest.c -o conftest2.o
configure:3994: $? = 0
configure:4006: result: yes
configure:4034: checking for style of include used by make
configure:4062: result: GNU
configure:4088: checking dependency style of gcc
configure:4199: result: gcc3
configure:4272: checking for g++
configure:4288: found /usr/bin/g++
configure:4299: result: g++
configure:4326: checking for C++ compiler version
configure:4335: g++ --version >&5
g++ (Debian 6.3.0-18+deb9u1) 6.3.0 20170516
Copyright (C) 2016 Free Software Foundation, Inc.
This is free software; see the source for copying conditions.  There is NO
warranty; not even for MERCHANTABILITY or FITNESS FOR A PARTICULAR PURPOSE.

configure:4346: $? = 0
configure:4335: g++ -v >&5
Using built-in specs.
COLLECT_GCC=g++
COLLECT_LTO_WRAPPER=/usr/lib/gcc/x86_64-linux-gnu/6/lto-wrapper
Target: x86_64-linux-gnu
Configured with: ../src/configure -v --with-pkgversion='Debian 6.3.0-18+deb9u1' --with-bugurl=file:///usr/share/doc/gcc-6/README.Bugs --enable-languages=c,ada,c++,java,go,d,fortran,objc,obj-c++ --prefix=/usr --program-suffix=-6 --program-prefix=x86_64-linux-gnu- --enable-shared --enable-linker-build-id --libexecdir=/usr/lib --without-included-gettext --enable-threads=posix --libdir=/usr/lib --enable-nls --with-sysroot=/ --enable-clocale=gnu --enable-libstdcxx-debug --enable-libstdcxx-time=yes --with-default-libstdcxx-abi=new --enable-gnu-unique-object --disable-vtable-verify --enable-libmpx --enable-plugin --enable-default-pie --with-system-zlib --disable-browser-plugin --enable-java-awt=gtk --enable-gtk-cairo --with-java-home=/usr/lib/jvm/java-1.5.0-gcj-6-amd64/jre --enable-java-home --with-jvm-root-dir=/usr/lib/jvm/java-1.5.0-gcj-6-amd64 --with-jvm-jar-dir=/usr/lib/jvm-exports/java-1.5.0-gcj-6-amd64 --with-arch-directory=amd64 --with-ecj-jar=/usr/share/java/eclipse-ecj.jar --with-target-system-zlib --enable-objc-gc=auto --enable-multiarch --with-arch-32=i686 --with-abi=m64 --with-multilib-list=m32,m64,mx32 --enable-multilib --with-tune=generic --enable-checking=release --build=x86_64-linux-gnu --host=x86_64-linux-gnu --target=x86_64-linux-gnu
Thread model: posix
gcc version 6.3.0 20170516 (Debian 6.3.0-18+deb9u1) 
configure:4346: $? = 0
configure:4335: g++ -V >&5
g++: error: unrecognized command line option '-V'
g++: fatal error: no input files
compilation terminated.
configure:4346: $? = 1
configure:4335: g++ -qversion >&5
g++: error: unrecognized command line option '-qversion'; did you mean '--version'?
g++: fatal error: no input files
compilation terminated.
configure:4346: $? = 1
configure:4350: checking whether we are using the GNU C++ compiler
configure:4369: g++ -c   conftest.cpp >&5
configure:4369: $? = 0
configure:4378: result: yes
configure:4387: checking whether g++ accepts -g
configure:4407: g++ -c -g  conftest.cpp >&5
configure:4407: $? = 0
configure:4448: result: yes
configure:4473: checking dependency style of g++
configure:4584: result: gcc3
configure:4628: checking build system type
configure:4642: result: x86_64-pc-linux-gnu
configure:4662: checking host system type
configure:4675: result: x86_64-pc-linux-gnu
configure:4716: checking how to print strings
configure:4743: result: printf
configure:4764: checking for a sed that does not truncate output
configure:4828: result: /bin/sed
configure:4846: checking for grep that handles long lines and -e
configure:4904: result: /bin/grep
configure:4909: checking for egrep
configure:4971: result: /bin/grep -E
configure:4976: checking for fgrep
configure:5038: result: /bin/grep -F
configure:5073: checking for ld used by gcc
configure:5140: result: /usr/bin/ld
configure:5147: checking if the linker (/usr/bin/ld) is GNU ld
configure:5162: result: yes
configure:5174: checking for BSD- or MS-compatible name lister (nm)
configure:5228: result: /usr/bin/nm -B
configure:5358: checking the name lister (/usr/bin/nm -B) interface
configure:5365: gcc -c -Wall -Wextra -Wbad-function-cast -Wchar-subscripts -Wempty-body -Wformat -Wformat-security -Winit-self -Winline -Wmissing-declarations -Wmissing-include-dirs -Wmissing-prototypes -Wnested-externs -Wold-style-definition -Wpointer-arith -Wredundant-decls -Wshadow -Wstrict-prototypes -Wswitch-enum -Wundef -Wuninitialized -Wunused -Wwrite-strings -Wno-unused-parameter -Wno-unused-function -Wno-deprecated-declarations -Wno-incompatible-pointer-types-discards-qualifiers  conftest.c >&5
configure:5368: /usr/bin/nm -B "conftest.o"
configure:5371: output
0000000000000000 B some_variable
configure:5378: result: BSD nm
configure:5381: checking whether ln -s works
configure:5385: result: yes
configure:5393: checking the maximum length of command line arguments
configure:5524: result: 1572864
configure:5572: checking how to convert x86_64-pc-linux-gnu file names to x86_64-pc-linux-gnu format
configure:5612: result: func_convert_file_noop
configure:5619: checking how to convert x86_64-pc-linux-gnu file names to toolchain format
configure:5639: result: func_convert_file_noop
configure:5646: checking for /usr/bin/ld option to reload object files
configure:5653: result: -r
configure:5727: checking for objdump
configure:5743: found /usr/bin/objdump
configure:5754: result: objdump
configure:5786: checking how to recognize dependent libraries
configure:5986: result: pass_all
configure:6071: checking for dlltool
configure:6101: result: no
configure:6131: checking how to associate runtime and link libraries
configure:6158: result: printf %s\n
configure:6219: checking for ar
configure:6235: found /usr/bin/ar
configure:6246: result: ar
configure:6283: checking for archiver @FILE support
configure:6300: gcc -c -Wall -Wextra -Wbad-function-cast -Wchar-subscripts -Wempty-body -Wformat -Wformat-security -Winit-self -Winline -Wmissing-declarations -Wmissing-include-dirs -Wmissing-prototypes -Wnested-externs -Wold-style-definition -Wpointer-arith -Wredundant-decls -Wshadow -Wstrict-prototypes -Wswitch-enum -Wundef -Wuninitialized -Wunused -Wwrite-strings -Wno-unused-parameter -Wno-unused-function -Wno-deprecated-declarations -Wno-incompatible-pointer-types-discards-qualifiers  conftest.c >&5
conftest.c:13:1: warning: function declaration isn't a prototype [-Wstrict-prototypes]
 main ()
 ^~~~
conftest.c: In function 'main':
conftest.c:13:1: warning: old-style function definition [-Wold-style-definition]
conftest.c: At top level:
cc1: warning: unrecognized command line option '-Wno-incompatible-pointer-types-discards-qualifiers'
configure:6300: $? = 0
configure:6303: ar cru libconftest.a @conftest.lst >&5
ar: `u' modifier ignored since `D' is the default (see `U')
configure:6306: $? = 0
configure:6311: ar cru libconftest.a @conftest.lst >&5
ar: `u' modifier ignored since `D' is the default (see `U')
ar: conftest.o: No such file or directory
configure:6314: $? = 1
configure:6326: result: @
configure:6384: checking for strip
configure:6400: found /usr/bin/strip
configure:6411: result: strip
configure:6483: checking for ranlib
configure:6499: found /usr/bin/ranlib
configure:6510: result: ranlib
configure:6612: checking command to parse /usr/bin/nm -B output from gcc object
configure:6765: gcc -c -Wall -Wextra -Wbad-function-cast -Wchar-subscripts -Wempty-body -Wformat -Wformat-security -Winit-self -Winline -Wmissing-declarations -Wmissing-include-dirs -Wmissing-prototypes -Wnested-externs -Wold-style-definition -Wpointer-arith -Wredundant-decls -Wshadow -Wstrict-prototypes -Wswitch-enum -Wundef -Wuninitialized -Wunused -Wwrite-strings -Wno-unused-parameter -Wno-unused-function -Wno-deprecated-declarations -Wno-incompatible-pointer-types-discards-qualifiers  conftest.c >&5
conftest.c:10:5: warning: function declaration isn't a prototype [-Wstrict-prototypes]
 int main(){nm_test_var='a';nm_test_func();return(0);}
     ^~~~
conftest.c: In function 'main':
conftest.c:10:5: warning: old-style function definition [-Wold-style-definition]
conftest.c: At top level:
cc1: warning: unrecognized command line option '-Wno-incompatible-pointer-types-discards-qualifiers'
configure:6768: $? = 0
configure:6772: /usr/bin/nm -B conftest.o \| sed -n -e 's/^.*[ ]\([ABCDGIRSTW][ABCDGIRSTW]*\)[ ][ ]*\([_A-Za-z][_A-Za-z0-9]*\)$/\1 \2 \2/p' | sed '/ __gnu_lto/d' \> conftest.nm
configure:6775: $? = 0
configure:6841: gcc -o conftest -Wall -Wextra -Wbad-function-cast -Wchar-subscripts -Wempty-body -Wformat -Wformat-security -Winit-self -Winline -Wmissing-declarations -Wmissing-include-dirs -Wmissing-prototypes -Wnested-externs -Wold-style-definition -Wpointer-arith -Wredundant-decls -Wshadow -Wstrict-prototypes -Wswitch-enum -Wundef -Wuninitialized -Wunused -Wwrite-strings -Wno-unused-parameter -Wno-unused-function -Wno-deprecated-declarations -Wno-incompatible-pointer-types-discards-qualifiers   conftest.c conftstm.o >&5
conftest.c:18:1: warning: function declaration isn't a prototype [-Wstrict-prototypes]
 extern int nm_test_func();
 ^~~~~~
cc1: warning: unrecognized command line option '-Wno-incompatible-pointer-types-discards-qualifiers'
configure:6844: $? = 0
configure:6882: result: ok
configure:6929: checking for sysroot
configure:6959: result: no
configure:6966: checking for a working dd
configure:7004: result: /bin/dd
configure:7008: checking how to truncate binary pipes
configure:7023: result: /bin/dd bs=4096 count=1
configure:7159: gcc -c -Wall -Wextra -Wbad-function-cast -Wchar-subscripts -Wempty-body -Wformat -Wformat-security -Winit-self -Winline -Wmissing-declarations -Wmissing-include-dirs -Wmissing-prototypes -Wnested-externs -Wold-style-definition -Wpointer-arith -Wredundant-decls -Wshadow -Wstrict-prototypes -Wswitch-enum -Wundef -Wuninitialized -Wunused -Wwrite-strings -Wno-unused-parameter -Wno-unused-function -Wno-deprecated-declarations -Wno-incompatible-pointer-types-discards-qualifiers  conftest.c >&5
configure:7162: $? = 0
configure:7352: checking for mt
configure:7368: found /bin/mt
configure:7379: result: mt
configure:7402: checking if mt is a manifest tool
configure:7408: mt '-?'
configure:7416: result: no
configure:8093: checking how to run the C preprocessor
configure:8124: gcc -E  conftest.c
configure:8124: $? = 0
configure:8138: gcc -E  conftest.c
conftest.c:11:28: fatal error: ac_nonexistent.h: No such file or directory
 #include <ac_nonexistent.h>
                            ^
compilation terminated.
configure:8138: $? = 1
configure: failed program was:
| /* confdefs.h */
| #define PACKAGE_NAME "libusb"
| #define PACKAGE_TARNAME "libusb"
| #define PACKAGE_VERSION "1.0.23"
| #define PACKAGE_STRING "libusb 1.0.23"
| #define PACKAGE_BUGREPORT "libusb-devel@lists.sourceforge.net"
| #define PACKAGE_URL "http://libusb.info"
| #define PACKAGE "libusb"
| #define VERSION "1.0.23"
| /* end confdefs.h.  */
| #include <ac_nonexistent.h>
configure:8163: result: gcc -E
configure:8183: gcc -E  conftest.c
configure:8183: $? = 0
configure:8197: gcc -E  conftest.c
conftest.c:11:28: fatal error: ac_nonexistent.h: No such file or directory
 #include <ac_nonexistent.h>
                            ^
compilation terminated.
configure:8197: $? = 1
configure: failed program was:
| /* confdefs.h */
| #define PACKAGE_NAME "libusb"
| #define PACKAGE_TARNAME "libusb"
| #define PACKAGE_VERSION "1.0.23"
| #define PACKAGE_STRING "libusb 1.0.23"
| #define PACKAGE_BUGREPORT "libusb-devel@lists.sourceforge.net"
| #define PACKAGE_URL "http://libusb.info"
| #define PACKAGE "libusb"
| #define VERSION "1.0.23"
| /* end confdefs.h.  */
| #include <ac_nonexistent.h>
configure:8226: checking for ANSI C header files
configure:8246: gcc -c -Wall -Wextra -Wbad-function-cast -Wchar-subscripts -Wempty-body -Wformat -Wformat-security -Winit-self -Winline -Wmissing-declarations -Wmissing-include-dirs -Wmissing-prototypes -Wnested-externs -Wold-style-definition -Wpointer-arith -Wredundant-decls -Wshadow -Wstrict-prototypes -Wswitch-enum -Wundef -Wuninitialized -Wunused -Wwrite-strings -Wno-unused-parameter -Wno-unused-function -Wno-deprecated-declarations -Wno-incompatible-pointer-types-discards-qualifiers  conftest.c >&5
conftest.c:17:1: warning: function declaration isn't a prototype [-Wstrict-prototypes]
 main ()
 ^~~~
conftest.c: In function 'main':
conftest.c:17:1: warning: old-style function definition [-Wold-style-definition]
conftest.c: At top level:
cc1: warning: unrecognized command line option '-Wno-incompatible-pointer-types-discards-qualifiers'
configure:8246: $? = 0
configure:8319: gcc -o conftest -Wall -Wextra -Wbad-function-cast -Wchar-subscripts -Wempty-body -Wformat -Wformat-security -Winit-self -Winline -Wmissing-declarations -Wmissing-include-dirs -Wmissing-prototypes -Wnested-externs -Wold-style-definition -Wpointer-arith -Wredundant-decls -Wshadow -Wstrict-prototypes -Wswitch-enum -Wundef -Wuninitialized -Wunused -Wwrite-strings -Wno-unused-parameter -Wno-unused-function -Wno-deprecated-declarations -Wno-incompatible-pointer-types-discards-qualifiers   conftest.c  >&5
conftest.c:23:1: warning: function declaration isn't a prototype [-Wstrict-prototypes]
 main ()
 ^~~~
conftest.c: In function 'main':
conftest.c:23:1: warning: old-style function definition [-Wold-style-definition]
conftest.c: At top level:
cc1: warning: unrecognized command line option '-Wno-incompatible-pointer-types-discards-qualifiers'
configure:8319: $? = 0
configure:8319: ./conftest
configure:8319: $? = 0
configure:8330: result: yes
configure:8343: checking for sys/types.h
configure:8343: gcc -c -Wall -Wextra -Wbad-function-cast -Wchar-subscripts -Wempty-body -Wformat -Wformat-security -Winit-self -Winline -Wmissing-declarations -Wmissing-include-dirs -Wmissing-prototypes -Wnested-externs -Wold-style-definition -Wpointer-arith -Wredundant-decls -Wshadow -Wstrict-prototypes -Wswitch-enum -Wundef -Wuninitialized -Wunused -Wwrite-strings -Wno-unused-parameter -Wno-unused-function -Wno-deprecated-declarations -Wno-incompatible-pointer-types-discards-qualifiers  conftest.c >&5
configure:8343: $? = 0
configure:8343: result: yes
configure:8343: checking for sys/stat.h
configure:8343: gcc -c -Wall -Wextra -Wbad-function-cast -Wchar-subscripts -Wempty-body -Wformat -Wformat-security -Winit-self -Winline -Wmissing-declarations -Wmissing-include-dirs -Wmissing-prototypes -Wnested-externs -Wold-style-definition -Wpointer-arith -Wredundant-decls -Wshadow -Wstrict-prototypes -Wswitch-enum -Wundef -Wuninitialized -Wunused -Wwrite-strings -Wno-unused-parameter -Wno-unused-function -Wno-deprecated-declarations -Wno-incompatible-pointer-types-discards-qualifiers  conftest.c >&5
configure:8343: $? = 0
configure:8343: result: yes
configure:8343: checking for stdlib.h
configure:8343: gcc -c -Wall -Wextra -Wbad-function-cast -Wchar-subscripts -Wempty-body -Wformat -Wformat-security -Winit-self -Winline -Wmissing-declarations -Wmissing-include-dirs -Wmissing-prototypes -Wnested-externs -Wold-style-definition -Wpointer-arith -Wredundant-decls -Wshadow -Wstrict-prototypes -Wswitch-enum -Wundef -Wuninitialized -Wunused -Wwrite-strings -Wno-unused-parameter -Wno-unused-function -Wno-deprecated-declarations -Wno-incompatible-pointer-types-discards-qualifiers  conftest.c >&5
configure:8343: $? = 0
configure:8343: result: yes
configure:8343: checking for string.h
configure:8343: gcc -c -Wall -Wextra -Wbad-function-cast -Wchar-subscripts -Wempty-body -Wformat -Wformat-security -Winit-self -Winline -Wmissing-declarations -Wmissing-include-dirs -Wmissing-prototypes -Wnested-externs -Wold-style-definition -Wpointer-arith -Wredundant-decls -Wshadow -Wstrict-prototypes -Wswitch-enum -Wundef -Wuninitialized -Wunused -Wwrite-strings -Wno-unused-parameter -Wno-unused-function -Wno-deprecated-declarations -Wno-incompatible-pointer-types-discards-qualifiers  conftest.c >&5
configure:8343: $? = 0
configure:8343: result: yes
configure:8343: checking for memory.h
configure:8343: gcc -c -Wall -Wextra -Wbad-function-cast -Wchar-subscripts -Wempty-body -Wformat -Wformat-security -Winit-self -Winline -Wmissing-declarations -Wmissing-include-dirs -Wmissing-prototypes -Wnested-externs -Wold-style-definition -Wpointer-arith -Wredundant-decls -Wshadow -Wstrict-prototypes -Wswitch-enum -Wundef -Wuninitialized -Wunused -Wwrite-strings -Wno-unused-parameter -Wno-unused-function -Wno-deprecated-declarations -Wno-incompatible-pointer-types-discards-qualifiers  conftest.c >&5
configure:8343: $? = 0
configure:8343: result: yes
configure:8343: checking for strings.h
configure:8343: gcc -c -Wall -Wextra -Wbad-function-cast -Wchar-subscripts -Wempty-body -Wformat -Wformat-security -Winit-self -Winline -Wmissing-declarations -Wmissing-include-dirs -Wmissing-prototypes -Wnested-externs -Wold-style-definition -Wpointer-arith -Wredundant-decls -Wshadow -Wstrict-prototypes -Wswitch-enum -Wundef -Wuninitialized -Wunused -Wwrite-strings -Wno-unused-parameter -Wno-unused-function -Wno-deprecated-declarations -Wno-incompatible-pointer-types-discards-qualifiers  conftest.c >&5
configure:8343: $? = 0
configure:8343: result: yes
configure:8343: checking for inttypes.h
configure:8343: gcc -c -Wall -Wextra -Wbad-function-cast -Wchar-subscripts -Wempty-body -Wformat -Wformat-security -Winit-self -Winline -Wmissing-declarations -Wmissing-include-dirs -Wmissing-prototypes -Wnested-externs -Wold-style-definition -Wpointer-arith -Wredundant-decls -Wshadow -Wstrict-prototypes -Wswitch-enum -Wundef -Wuninitialized -Wunused -Wwrite-strings -Wno-unused-parameter -Wno-unused-function -Wno-deprecated-declarations -Wno-incompatible-pointer-types-discards-qualifiers  conftest.c >&5
configure:8343: $? = 0
configure:8343: result: yes
configure:8343: checking for stdint.h
configure:8343: gcc -c -Wall -Wextra -Wbad-function-cast -Wchar-subscripts -Wempty-body -Wformat -Wformat-security -Winit-self -Winline -Wmissing-declarations -Wmissing-include-dirs -Wmissing-prototypes -Wnested-externs -Wold-style-definition -Wpointer-arith -Wredundant-decls -Wshadow -Wstrict-prototypes -Wswitch-enum -Wundef -Wuninitialized -Wunused -Wwrite-strings -Wno-unused-parameter -Wno-unused-function -Wno-deprecated-declarations -Wno-incompatible-pointer-types-discards-qualifiers  conftest.c >&5
configure:8343: $? = 0
configure:8343: result: yes
configure:8343: checking for unistd.h
configure:8343: gcc -c -Wall -Wextra -Wbad-function-cast -Wchar-subscripts -Wempty-body -Wformat -Wformat-security -Winit-self -Winline -Wmissing-declarations -Wmissing-include-dirs -Wmissing-prototypes -Wnested-externs -Wold-style-definition -Wpointer-arith -Wredundant-decls -Wshadow -Wstrict-prototypes -Wswitch-enum -Wundef -Wuninitialized -Wunused -Wwrite-strings -Wno-unused-parameter -Wno-unused-function -Wno-deprecated-declarations -Wno-incompatible-pointer-types-discards-qualifiers  conftest.c >&5
configure:8343: $? = 0
configure:8343: result: yes
configure:8357: checking for dlfcn.h
configure:8357: gcc -c -Wall -Wextra -Wbad-function-cast -Wchar-subscripts -Wempty-body -Wformat -Wformat-security -Winit-self -Winline -Wmissing-declarations -Wmissing-include-dirs -Wmissing-prototypes -Wnested-externs -Wold-style-definition -Wpointer-arith -Wredundant-decls -Wshadow -Wstrict-prototypes -Wswitch-enum -Wundef -Wuninitialized -Wunused -Wwrite-strings -Wno-unused-parameter -Wno-unused-function -Wno-deprecated-declarations -Wno-incompatible-pointer-types-discards-qualifiers  conftest.c >&5
configure:8357: $? = 0
configure:8357: result: yes
configure:8624: checking for objdir
configure:8639: result: .libs
configure:8903: checking if gcc supports -fno-rtti -fno-exceptions
configure:8921: gcc -c -Wall -Wextra -Wbad-function-cast -Wchar-subscripts -Wempty-body -Wformat -Wformat-security -Winit-self -Winline -Wmissing-declarations -Wmissing-include-dirs -Wmissing-prototypes -Wnested-externs -Wold-style-definition -Wpointer-arith -Wredundant-decls -Wshadow -Wstrict-prototypes -Wswitch-enum -Wundef -Wuninitialized -Wunused -Wwrite-strings -Wno-unused-parameter -Wno-unused-function -Wno-deprecated-declarations -Wno-incompatible-pointer-types-discards-qualifiers  -fno-rtti -fno-exceptions conftest.c >&5
cc1: warning: command line option '-fno-rtti' is valid for C++/ObjC++ but not for C
cc1: warning: unrecognized command line option '-Wno-incompatible-pointer-types-discards-qualifiers'
configure:8925: $? = 0
configure:8938: result: no
configure:9296: checking for gcc option to produce PIC
configure:9303: result: -fPIC -DPIC
configure:9311: checking if gcc PIC flag -fPIC -DPIC works
configure:9329: gcc -c -Wall -Wextra -Wbad-function-cast -Wchar-subscripts -Wempty-body -Wformat -Wformat-security -Winit-self -Winline -Wmissing-declarations -Wmissing-include-dirs -Wmissing-prototypes -Wnested-externs -Wold-style-definition -Wpointer-arith -Wredundant-decls -Wshadow -Wstrict-prototypes -Wswitch-enum -Wundef -Wuninitialized -Wunused -Wwrite-strings -Wno-unused-parameter -Wno-unused-function -Wno-deprecated-declarations -Wno-incompatible-pointer-types-discards-qualifiers  -fPIC -DPIC -DPIC conftest.c >&5
configure:9333: $? = 0
configure:9346: result: yes
configure:9375: checking if gcc static flag -static works
conftest.c:1:5: warning: function declaration isn't a prototype [-Wstrict-prototypes]
 int main(){return(0);}
     ^~~~
conftest.c: In function 'main':
conftest.c:1:5: warning: old-style function definition [-Wold-style-definition]
conftest.c: At top level:
cc1: warning: unrecognized command line option '-Wno-incompatible-pointer-types-discards-qualifiers'
configure:9403: result: yes
configure:9418: checking if gcc supports -c -o file.o
configure:9439: gcc -c -Wall -Wextra -Wbad-function-cast -Wchar-subscripts -Wempty-body -Wformat -Wformat-security -Winit-self -Winline -Wmissing-declarations -Wmissing-include-dirs -Wmissing-prototypes -Wnested-externs -Wold-style-definition -Wpointer-arith -Wredundant-decls -Wshadow -Wstrict-prototypes -Wswitch-enum -Wundef -Wuninitialized -Wunused -Wwrite-strings -Wno-unused-parameter -Wno-unused-function -Wno-deprecated-declarations -Wno-incompatible-pointer-types-discards-qualifiers  -o out/conftest2.o conftest.c >&5
configure:9443: $? = 0
configure:9465: result: yes
configure:9473: checking if gcc supports -c -o file.o
configure:9520: result: yes
configure:9553: checking whether the gcc linker (/usr/bin/ld -m elf_x86_64) supports shared libraries
configure:10816: result: yes
configure:10853: checking whether -lc should be explicitly linked in
configure:10861: gcc -c -Wall -Wextra -Wbad-function-cast -Wchar-subscripts -Wempty-body -Wformat -Wformat-security -Winit-self -Winline -Wmissing-declarations -Wmissing-include-dirs -Wmissing-prototypes -Wnested-externs -Wold-style-definition -Wpointer-arith -Wredundant-decls -Wshadow -Wstrict-prototypes -Wswitch-enum -Wundef -Wuninitialized -Wunused -Wwrite-strings -Wno-unused-parameter -Wno-unused-function -Wno-deprecated-declarations -Wno-incompatible-pointer-types-discards-qualifiers  conftest.c >&5
configure:10864: $? = 0
configure:10879: gcc -shared  -fPIC -DPIC conftest.o  -v -Wl,-soname -Wl,conftest -o conftest 2\>\&1 \| /bin/grep  -lc  \>/dev/null 2\>\&1
configure:10882: $? = 0
configure:10896: result: no
configure:11056: checking dynamic linker characteristics
configure:11637: gcc -o conftest -Wall -Wextra -Wbad-function-cast -Wchar-subscripts -Wempty-body -Wformat -Wformat-security -Winit-self -Winline -Wmissing-declarations -Wmissing-include-dirs -Wmissing-prototypes -Wnested-externs -Wold-style-definition -Wpointer-arith -Wredundant-decls -Wshadow -Wstrict-prototypes -Wswitch-enum -Wundef -Wuninitialized -Wunused -Wwrite-strings -Wno-unused-parameter -Wno-unused-function -Wno-deprecated-declarations -Wno-incompatible-pointer-types-discards-qualifiers   -Wl,-rpath -Wl,/foo conftest.c  >&5
conftest.c:25:1: warning: function declaration isn't a prototype [-Wstrict-prototypes]
 main ()
 ^~~~
conftest.c: In function 'main':
conftest.c:25:1: warning: old-style function definition [-Wold-style-definition]
conftest.c: At top level:
cc1: warning: unrecognized command line option '-Wno-incompatible-pointer-types-discards-qualifiers'
configure:11637: $? = 0
configure:11886: result: GNU/Linux ld.so
configure:12008: checking how to hardcode library paths into programs
configure:12033: result: immediate
configure:12581: checking whether stripping libraries is possible
configure:12586: result: yes
configure:12621: checking if libtool supports shared libraries
configure:12623: result: yes
configure:12626: checking whether to build shared libraries
configure:12651: result: yes
configure:12654: checking whether to build static libraries
configure:12658: result: yes
configure:12681: checking how to run the C++ preprocessor
configure:12708: g++ -E  conftest.cpp
configure:12708: $? = 0
configure:12722: g++ -E  conftest.cpp
conftest.cpp:23:28: fatal error: ac_nonexistent.h: No such file or directory
 #include <ac_nonexistent.h>
                            ^
compilation terminated.
configure:12722: $? = 1
configure: failed program was:
| /* confdefs.h */
| #define PACKAGE_NAME "libusb"
| #define PACKAGE_TARNAME "libusb"
| #define PACKAGE_VERSION "1.0.23"
| #define PACKAGE_STRING "libusb 1.0.23"
| #define PACKAGE_BUGREPORT "libusb-devel@lists.sourceforge.net"
| #define PACKAGE_URL "http://libusb.info"
| #define PACKAGE "libusb"
| #define VERSION "1.0.23"
| #define STDC_HEADERS 1
| #define HAVE_SYS_TYPES_H 1
| #define HAVE_SYS_STAT_H 1
| #define HAVE_STDLIB_H 1
| #define HAVE_STRING_H 1
| #define HAVE_MEMORY_H 1
| #define HAVE_STRINGS_H 1
| #define HAVE_INTTYPES_H 1
| #define HAVE_STDINT_H 1
| #define HAVE_UNISTD_H 1
| #define HAVE_DLFCN_H 1
| #define LT_OBJDIR ".libs/"
| /* end confdefs.h.  */
| #include <ac_nonexistent.h>
configure:12747: result: g++ -E
configure:12767: g++ -E  conftest.cpp
configure:12767: $? = 0
configure:12781: g++ -E  conftest.cpp
conftest.cpp:23:28: fatal error: ac_nonexistent.h: No such file or directory
 #include <ac_nonexistent.h>
                            ^
compilation terminated.
configure:12781: $? = 1
configure: failed program was:
| /* confdefs.h */
| #define PACKAGE_NAME "libusb"
| #define PACKAGE_TARNAME "libusb"
| #define PACKAGE_VERSION "1.0.23"
| #define PACKAGE_STRING "libusb 1.0.23"
| #define PACKAGE_BUGREPORT "libusb-devel@lists.sourceforge.net"
| #define PACKAGE_URL "http://libusb.info"
| #define PACKAGE "libusb"
| #define VERSION "1.0.23"
| #define STDC_HEADERS 1
| #define HAVE_SYS_TYPES_H 1
| #define HAVE_SYS_STAT_H 1
| #define HAVE_STDLIB_H 1
| #define HAVE_STRING_H 1
| #define HAVE_MEMORY_H 1
| #define HAVE_STRINGS_H 1
| #define HAVE_INTTYPES_H 1
| #define HAVE_STDINT_H 1
| #define HAVE_UNISTD_H 1
| #define HAVE_DLFCN_H 1
| #define LT_OBJDIR ".libs/"
| /* end confdefs.h.  */
| #include <ac_nonexistent.h>
configure:12943: checking for ld used by g++
configure:13010: result: /usr/bin/ld -m elf_x86_64
configure:13017: checking if the linker (/usr/bin/ld -m elf_x86_64) is GNU ld
configure:13032: result: yes
configure:13087: checking whether the g++ linker (/usr/bin/ld -m elf_x86_64) supports shared libraries
configure:14160: result: yes
configure:14196: g++ -c -g -O2  conftest.cpp >&5
configure:14199: $? = 0
configure:14680: checking for g++ option to produce PIC
configure:14687: result: -fPIC -DPIC
configure:14695: checking if g++ PIC flag -fPIC -DPIC works
configure:14713: g++ -c -g -O2  -fPIC -DPIC -DPIC conftest.cpp >&5
configure:14717: $? = 0
configure:14730: result: yes
configure:14753: checking if g++ static flag -static works
configure:14781: result: yes
configure:14793: checking if g++ supports -c -o file.o
configure:14814: g++ -c -g -O2  -o out/conftest2.o conftest.cpp >&5
configure:14818: $? = 0
configure:14840: result: yes
configure:14845: checking if g++ supports -c -o file.o
configure:14892: result: yes
configure:14922: checking whether the g++ linker (/usr/bin/ld -m elf_x86_64) supports shared libraries
configure:14965: result: yes
configure:15106: checking dynamic linker characteristics
configure:15863: result: GNU/Linux ld.so
configure:15928: checking how to hardcode library paths into programs
configure:15953: result: immediate
configure:16057: checking for windres
configure:16087: result: no
configure:16184: checking for inline
configure:16200: gcc -c -Wall -Wextra -Wbad-function-cast -Wchar-subscripts -Wempty-body -Wformat -Wformat-security -Winit-self -Winline -Wmissing-declarations -Wmissing-include-dirs -Wmissing-prototypes -Wnested-externs -Wold-style-definition -Wpointer-arith -Wredundant-decls -Wshadow -Wstrict-prototypes -Wswitch-enum -Wundef -Wuninitialized -Wunused -Wwrite-strings -Wno-unused-parameter -Wno-unused-function -Wno-deprecated-declarations -Wno-incompatible-pointer-types-discards-qualifiers  conftest.c >&5
conftest.c:25:21: warning: function declaration isn't a prototype [-Wstrict-prototypes]
 static inline foo_t static_foo () {return 0; }
                     ^~~~~~~~~~
conftest.c: In function 'static_foo':
conftest.c:25:21: warning: old-style function definition [-Wold-style-definition]
conftest.c: At top level:
conftest.c:26:14: warning: function declaration isn't a prototype [-Wstrict-prototypes]
 inline foo_t foo () {return 0; }
              ^~~
conftest.c: In function 'foo':
conftest.c:26:14: warning: old-style function definition [-Wold-style-definition]
conftest.c: At top level:
cc1: warning: unrecognized command line option '-Wno-incompatible-pointer-types-discards-qualifiers'
configure:16200: $? = 0
configure:16208: result: inline
configure:16233: checking operating system
configure:16258: result: Linux
configure:16331: checking for library containing clock_gettime
configure:16362: gcc -o conftest -Wall -Wextra -Wbad-function-cast -Wchar-subscripts -Wempty-body -Wformat -Wformat-security -Winit-self -Winline -Wmissing-declarations -Wmissing-include-dirs -Wmissing-prototypes -Wnested-externs -Wold-style-definition -Wpointer-arith -Wredundant-decls -Wshadow -Wstrict-prototypes -Wswitch-enum -Wundef -Wuninitialized -Wunused -Wwrite-strings -Wno-unused-parameter -Wno-unused-function -Wno-deprecated-declarations -Wno-incompatible-pointer-types-discards-qualifiers   conftest.c  >&5
conftest.c:32:1: warning: function declaration isn't a prototype [-Wstrict-prototypes]
 char clock_gettime ();
 ^~~~
conftest.c:34:1: warning: function declaration isn't a prototype [-Wstrict-prototypes]
 main ()
 ^~~~
conftest.c: In function 'main':
conftest.c:34:1: warning: old-style function definition [-Wold-style-definition]
conftest.c: At top level:
cc1: warning: unrecognized command line option '-Wno-incompatible-pointer-types-discards-qualifiers'
configure:16362: $? = 0
configure:16379: result: none required
configure:16395: checking libudev.h usability
configure:16395: gcc -c -Wall -Wextra -Wbad-function-cast -Wchar-subscripts -Wempty-body -Wformat -Wformat-security -Winit-self -Winline -Wmissing-declarations -Wmissing-include-dirs -Wmissing-prototypes -Wnested-externs -Wold-style-definition -Wpointer-arith -Wredundant-decls -Wshadow -Wstrict-prototypes -Wswitch-enum -Wundef -Wuninitialized -Wunused -Wwrite-strings -Wno-unused-parameter -Wno-unused-function -Wno-deprecated-declarations -Wno-incompatible-pointer-types-discards-qualifiers  conftest.c >&5
configure:16395: $? = 0
configure:16395: result: yes
configure:16395: checking libudev.h presence
configure:16395: gcc -E  conftest.c
configure:16395: $? = 0
configure:16395: result: yes
configure:16395: checking for libudev.h
configure:16395: result: yes
configure:16403: checking for udev_new in -ludev
configure:16428: gcc -o conftest -Wall -Wextra -Wbad-function-cast -Wchar-subscripts -Wempty-body -Wformat -Wformat-security -Winit-self -Winline -Wmissing-declarations -Wmissing-include-dirs -Wmissing-prototypes -Wnested-externs -Wold-style-definition -Wpointer-arith -Wredundant-decls -Wshadow -Wstrict-prototypes -Wswitch-enum -Wundef -Wuninitialized -Wunused -Wwrite-strings -Wno-unused-parameter -Wno-unused-function -Wno-deprecated-declarations -Wno-incompatible-pointer-types-discards-qualifiers   conftest.c -ludev   >&5
conftest.c:32:1: warning: function declaration isn't a prototype [-Wstrict-prototypes]
 char udev_new ();
 ^~~~
conftest.c:34:1: warning: function declaration isn't a prototype [-Wstrict-prototypes]
 main ()
 ^~~~
conftest.c: In function 'main':
conftest.c:34:1: warning: old-style function definition [-Wold-style-definition]
conftest.c: At top level:
cc1: warning: unrecognized command line option '-Wno-incompatible-pointer-types-discards-qualifiers'
configure:16428: $? = 0
configure:16437: result: yes
configure:16486: checking for pthread_setname_np
configure:16486: gcc -o conftest -Wall -Wextra -Wbad-function-cast -Wchar-subscripts -Wempty-body -Wformat -Wformat-security -Winit-self -Winline -Wmissing-declarations -Wmissing-include-dirs -Wmissing-prototypes -Wnested-externs -Wold-style-definition -Wpointer-arith -Wredundant-decls -Wshadow -Wstrict-prototypes -Wswitch-enum -Wundef -Wuninitialized -Wunused -Wwrite-strings -Wno-unused-parameter -Wno-unused-function -Wno-deprecated-declarations -Wno-incompatible-pointer-types-discards-qualifiers   conftest.c -ludev  -pthread >&5
conftest.c:49:1: warning: function declaration isn't a prototype [-Wstrict-prototypes]
 char pthread_setname_np ();
 ^~~~
conftest.c:58:1: warning: function declaration isn't a prototype [-Wstrict-prototypes]
 main ()
 ^~~~
conftest.c: In function 'main':
conftest.c:58:1: warning: old-style function definition [-Wold-style-definition]
conftest.c: At top level:
cc1: warning: unrecognized command line option '-Wno-incompatible-pointer-types-discards-qualifiers'
configure:16486: $? = 0
configure:16486: result: yes
configure:16669: checking for nfds_t
configure:16669: gcc -c -Wall -Wextra -Wbad-function-cast -Wchar-subscripts -Wempty-body -Wformat -Wformat-security -Winit-self -Winline -Wmissing-declarations -Wmissing-include-dirs -Wmissing-prototypes -Wnested-externs -Wold-style-definition -Wpointer-arith -Wredundant-decls -Wshadow -Wstrict-prototypes -Wswitch-enum -Wundef -Wuninitialized -Wunused -Wwrite-strings -Wno-unused-parameter -Wno-unused-function -Wno-deprecated-declarations -Wno-incompatible-pointer-types-discards-qualifiers  conftest.c >&5
conftest.c:31:1: warning: function declaration isn't a prototype [-Wstrict-prototypes]
 main ()
 ^~~~
conftest.c: In function 'main':
conftest.c:31:1: warning: old-style function definition [-Wold-style-definition]
conftest.c: At top level:
cc1: warning: unrecognized command line option '-Wno-incompatible-pointer-types-discards-qualifiers'
configure:16669: $? = 0
configure:16669: gcc -c -Wall -Wextra -Wbad-function-cast -Wchar-subscripts -Wempty-body -Wformat -Wformat-security -Winit-self -Winline -Wmissing-declarations -Wmissing-include-dirs -Wmissing-prototypes -Wnested-externs -Wold-style-definition -Wpointer-arith -Wredundant-decls -Wshadow -Wstrict-prototypes -Wswitch-enum -Wundef -Wuninitialized -Wunused -Wwrite-strings -Wno-unused-parameter -Wno-unused-function -Wno-deprecated-declarations -Wno-incompatible-pointer-types-discards-qualifiers  conftest.c >&5
conftest.c:31:1: warning: function declaration isn't a prototype [-Wstrict-prototypes]
 main ()
 ^~~~
conftest.c: In function 'main':
conftest.c:31:1: warning: old-style function definition [-Wold-style-definition]
conftest.c:33:21: error: expected expression before ')' token
 if (sizeof ((nfds_t)))
                     ^
conftest.c: At top level:
cc1: warning: unrecognized command line option '-Wno-incompatible-pointer-types-discards-qualifiers'
configure:16669: $? = 1
configure: failed program was:
| /* confdefs.h */
| #define PACKAGE_NAME "libusb"
| #define PACKAGE_TARNAME "libusb"
| #define PACKAGE_VERSION "1.0.23"
| #define PACKAGE_STRING "libusb 1.0.23"
| #define PACKAGE_BUGREPORT "libusb-devel@lists.sourceforge.net"
| #define PACKAGE_URL "http://libusb.info"
| #define PACKAGE "libusb"
| #define VERSION "1.0.23"
| #define STDC_HEADERS 1
| #define HAVE_SYS_TYPES_H 1
| #define HAVE_SYS_STAT_H 1
| #define HAVE_STDLIB_H 1
| #define HAVE_STRING_H 1
| #define HAVE_MEMORY_H 1
| #define HAVE_STRINGS_H 1
| #define HAVE_INTTYPES_H 1
| #define HAVE_STDINT_H 1
| #define HAVE_UNISTD_H 1
| #define HAVE_DLFCN_H 1
| #define LT_OBJDIR ".libs/"
| #define _GNU_SOURCE 1
| #define OS_LINUX 1
| #define HAVE_LIBUDEV 1
| #define HAVE_PTHREAD_SETNAME_NP 1
| #define POLL_POSIX 1
| /* end confdefs.h.  */
| #include <poll.h>
| 
| int
| main ()
| {
| if (sizeof ((nfds_t)))
| 	    return 0;
|   ;
|   return 0;
| }
configure:16669: result: yes
configure:16682: checking for pipe2
configure:16682: gcc -o conftest -Wall -Wextra -Wbad-function-cast -Wchar-subscripts -Wempty-body -Wformat -Wformat-security -Winit-self -Winline -Wmissing-declarations -Wmissing-include-dirs -Wmissing-prototypes -Wnested-externs -Wold-style-definition -Wpointer-arith -Wredundant-decls -Wshadow -Wstrict-prototypes -Wswitch-enum -Wundef -Wuninitialized -Wunused -Wwrite-strings -Wno-unused-parameter -Wno-unused-function -Wno-deprecated-declarations -Wno-incompatible-pointer-types-discards-qualifiers   conftest.c -ludev  -pthread >&5
conftest.c:52:1: warning: function declaration isn't a prototype [-Wstrict-prototypes]
 char pipe2 ();
 ^~~~
conftest.c:61:1: warning: function declaration isn't a prototype [-Wstrict-prototypes]
 main ()
 ^~~~
conftest.c: In function 'main':
conftest.c:61:1: warning: old-style function definition [-Wold-style-definition]
conftest.c: At top level:
cc1: warning: unrecognized command line option '-Wno-incompatible-pointer-types-discards-qualifiers'
configure:16682: $? = 0
configure:16682: result: yes
configure:16713: checking sys/time.h usability
configure:16713: gcc -c -Wall -Wextra -Wbad-function-cast -Wchar-subscripts -Wempty-body -Wformat -Wformat-security -Winit-self -Winline -Wmissing-declarations -Wmissing-include-dirs -Wmissing-prototypes -Wnested-externs -Wold-style-definition -Wpointer-arith -Wredundant-decls -Wshadow -Wstrict-prototypes -Wswitch-enum -Wundef -Wuninitialized -Wunused -Wwrite-strings -Wno-unused-parameter -Wno-unused-function -Wno-deprecated-declarations -Wno-incompatible-pointer-types-discards-qualifiers  conftest.c >&5
configure:16713: $? = 0
configure:16713: result: yes
configure:16713: checking sys/time.h presence
configure:16713: gcc -E  conftest.c
configure:16713: $? = 0
configure:16713: result: yes
configure:16713: checking for sys/time.h
configure:16713: result: yes
configure:16726: checking for clock_gettime
configure:16726: gcc -o conftest -Wall -Wextra -Wbad-function-cast -Wchar-subscripts -Wempty-body -Wformat -Wformat-security -Winit-self -Winline -Wmissing-declarations -Wmissing-include-dirs -Wmissing-prototypes -Wnested-externs -Wold-style-definition -Wpointer-arith -Wredundant-decls -Wshadow -Wstrict-prototypes -Wswitch-enum -Wundef -Wuninitialized -Wunused -Wwrite-strings -Wno-unused-parameter -Wno-unused-function -Wno-deprecated-declarations -Wno-incompatible-pointer-types-discards-qualifiers   conftest.c -ludev  -pthread >&5
conftest.c:55:1: warning: function declaration isn't a prototype [-Wstrict-prototypes]
 char clock_gettime ();
 ^~~~
conftest.c:64:1: warning: function declaration isn't a prototype [-Wstrict-prototypes]
 main ()
 ^~~~
conftest.c: In function 'main':
conftest.c:64:1: warning: old-style function definition [-Wold-style-definition]
conftest.c: At top level:
cc1: warning: unrecognized command line option '-Wno-incompatible-pointer-types-discards-qualifiers'
configure:16726: $? = 0
configure:16726: result: yes
configure:16738: checking whether CLOCK_REALTIME is declared
configure:16738: gcc -c -Wall -Wextra -Wbad-function-cast -Wchar-subscripts -Wempty-body -Wformat -Wformat-security -Winit-self -Winline -Wmissing-declarations -Wmissing-include-dirs -Wmissing-prototypes -Wnested-externs -Wold-style-definition -Wpointer-arith -Wredundant-decls -Wshadow -Wstrict-prototypes -Wswitch-enum -Wundef -Wuninitialized -Wunused -Wwrite-strings -Wno-unused-parameter -Wno-unused-function -Wno-deprecated-declarations -Wno-incompatible-pointer-types-discards-qualifiers  conftest.c >&5
conftest.c:36:1: warning: function declaration isn't a prototype [-Wstrict-prototypes]
 main ()
 ^~~~
conftest.c: In function 'main':
conftest.c:36:1: warning: old-style function definition [-Wold-style-definition]
conftest.c: At top level:
cc1: warning: unrecognized command line option '-Wno-incompatible-pointer-types-discards-qualifiers'
configure:16738: $? = 0
configure:16738: result: yes
configure:16746: checking whether CLOCK_MONOTONIC is declared
configure:16746: gcc -c -Wall -Wextra -Wbad-function-cast -Wchar-subscripts -Wempty-body -Wformat -Wformat-security -Winit-self -Winline -Wmissing-declarations -Wmissing-include-dirs -Wmissing-prototypes -Wnested-externs -Wold-style-definition -Wpointer-arith -Wredundant-decls -Wshadow -Wstrict-prototypes -Wswitch-enum -Wundef -Wuninitialized -Wunused -Wwrite-strings -Wno-unused-parameter -Wno-unused-function -Wno-deprecated-declarations -Wno-incompatible-pointer-types-discards-qualifiers  conftest.c >&5
conftest.c:36:1: warning: function declaration isn't a prototype [-Wstrict-prototypes]
 main ()
 ^~~~
conftest.c: In function 'main':
conftest.c:36:1: warning: old-style function definition [-Wold-style-definition]
conftest.c: At top level:
cc1: warning: unrecognized command line option '-Wno-incompatible-pointer-types-discards-qualifiers'
configure:16746: $? = 0
configure:16746: result: yes
configure:16767: checking sys/timerfd.h usability
configure:16767: gcc -c -Wall -Wextra -Wbad-function-cast -Wchar-subscripts -Wempty-body -Wformat -Wformat-security -Winit-self -Winline -Wmissing-declarations -Wmissing-include-dirs -Wmissing-prototypes -Wnested-externs -Wold-style-definition -Wpointer-arith -Wredundant-decls -Wshadow -Wstrict-prototypes -Wswitch-enum -Wundef -Wuninitialized -Wunused -Wwrite-strings -Wno-unused-parameter -Wno-unused-function -Wno-deprecated-declarations -Wno-incompatible-pointer-types-discards-qualifiers  conftest.c >&5
configure:16767: $? = 0
configure:16767: result: yes
configure:16767: checking sys/timerfd.h presence
configure:16767: gcc -E  conftest.c
configure:16767: $? = 0
configure:16767: result: yes
configure:16767: checking for sys/timerfd.h
configure:16767: result: yes
configure:16776: checking whether TFD_NONBLOCK is declared
configure:16776: gcc -c -Wall -Wextra -Wbad-function-cast -Wchar-subscripts -Wempty-body -Wformat -Wformat-security -Winit-self -Winline -Wmissing-declarations -Wmissing-include-dirs -Wmissing-prototypes -Wnested-externs -Wold-style-definition -Wpointer-arith -Wredundant-decls -Wshadow -Wstrict-prototypes -Wswitch-enum -Wundef -Wuninitialized -Wunused -Wwrite-strings -Wno-unused-parameter -Wno-unused-function -Wno-deprecated-declarations -Wno-incompatible-pointer-types-discards-qualifiers  conftest.c >&5
conftest.c:36:1: warning: function declaration isn't a prototype [-Wstrict-prototypes]
 main ()
 ^~~~
conftest.c: In function 'main':
conftest.c:36:1: warning: old-style function definition [-Wold-style-definition]
conftest.c: At top level:
cc1: warning: unrecognized command line option '-Wno-incompatible-pointer-types-discards-qualifiers'
configure:16776: $? = 0
configure:16776: result: yes
configure:16792: checking whether TFD_CLOEXEC is declared
configure:16792: gcc -c -Wall -Wextra -Wbad-function-cast -Wchar-subscripts -Wempty-body -Wformat -Wformat-security -Winit-self -Winline -Wmissing-declarations -Wmissing-include-dirs -Wmissing-prototypes -Wnested-externs -Wold-style-definition -Wpointer-arith -Wredundant-decls -Wshadow -Wstrict-prototypes -Wswitch-enum -Wundef -Wuninitialized -Wunused -Wwrite-strings -Wno-unused-parameter -Wno-unused-function -Wno-deprecated-declarations -Wno-incompatible-pointer-types-discards-qualifiers  conftest.c >&5
conftest.c:37:1: warning: function declaration isn't a prototype [-Wstrict-prototypes]
 main ()
 ^~~~
conftest.c: In function 'main':
conftest.c:37:1: warning: old-style function definition [-Wold-style-definition]
conftest.c: At top level:
cc1: warning: unrecognized command line option '-Wno-incompatible-pointer-types-discards-qualifiers'
configure:16792: $? = 0
configure:16792: result: yes
configure:16810: checking for timerfd_create
configure:16810: gcc -o conftest -Wall -Wextra -Wbad-function-cast -Wchar-subscripts -Wempty-body -Wformat -Wformat-security -Winit-self -Winline -Wmissing-declarations -Wmissing-include-dirs -Wmissing-prototypes -Wnested-externs -Wold-style-definition -Wpointer-arith -Wredundant-decls -Wshadow -Wstrict-prototypes -Wswitch-enum -Wundef -Wuninitialized -Wunused -Wwrite-strings -Wno-unused-parameter -Wno-unused-function -Wno-deprecated-declarations -Wno-incompatible-pointer-types-discards-qualifiers   conftest.c -ludev  -pthread >&5
conftest.c:58:1: warning: function declaration isn't a prototype [-Wstrict-prototypes]
 char timerfd_create ();
 ^~~~
conftest.c:67:1: warning: function declaration isn't a prototype [-Wstrict-prototypes]
 main ()
 ^~~~
conftest.c: In function 'main':
conftest.c:67:1: warning: old-style function definition [-Wold-style-definition]
conftest.c: At top level:
cc1: warning: unrecognized command line option '-Wno-incompatible-pointer-types-discards-qualifiers'
configure:16810: $? = 0
configure:16810: result: yes
configure:16831: checking whether to use timerfd for timing
configure:16846: result: yes
configure:16946: checking for sigaction
configure:16946: gcc -o conftest -Wall -Wextra -Wbad-function-cast -Wchar-subscripts -Wempty-body -Wformat -Wformat-security -Winit-self -Winline -Wmissing-declarations -Wmissing-include-dirs -Wmissing-prototypes -Wnested-externs -Wold-style-definition -Wpointer-arith -Wredundant-decls -Wshadow -Wstrict-prototypes -Wswitch-enum -Wundef -Wuninitialized -Wunused -Wwrite-strings -Wno-unused-parameter -Wno-unused-function -Wno-deprecated-declarations -Wno-incompatible-pointer-types-discards-qualifiers   conftest.c -ludev  -pthread >&5
conftest.c:60:1: warning: function declaration isn't a prototype [-Wstrict-prototypes]
 char sigaction ();
 ^~~~
conftest.c:69:1: warning: function declaration isn't a prototype [-Wstrict-prototypes]
 main ()
 ^~~~
conftest.c: In function 'main':
conftest.c:69:1: warning: old-style function definition [-Wold-style-definition]
conftest.c: At top level:
cc1: warning: unrecognized command line option '-Wno-incompatible-pointer-types-discards-qualifiers'
configure:16946: $? = 0
configure:16946: result: yes
configure:16976: gcc -c -Wall -Wextra -Wbad-function-cast -Wchar-subscripts -Wempty-body -Wformat -Wformat-security -Winit-self -Winline -Wmissing-declarations -Wmissing-include-dirs -Wmissing-prototypes -Wnested-externs -Wold-style-definition -Wpointer-arith -Wredundant-decls -Wshadow -Wstrict-prototypes -Wswitch-enum -Wundef -Wuninitialized -Wunused -Wwrite-strings -Wno-unused-parameter -Wno-unused-function -Wno-deprecated-declarations -Wno-incompatible-pointer-types-discards-qualifiers -Werror -fvisibility=hidden  conftest.c >&5
conftest.c:39:1: error: function declaration isn't a prototype [-Werror=strict-prototypes]
 main ()
 ^~~~
conftest.c: In function 'main':
conftest.c:39:1: error: old-style function definition [-Werror=old-style-definition]
conftest.c: At top level:
cc1: error: unrecognized command line option '-Wno-incompatible-pointer-types-discards-qualifiers' [-Werror]
cc1: all warnings being treated as errors
configure:16976: $? = 1
configure: failed program was:
| /* confdefs.h */
| #define PACKAGE_NAME "libusb"
| #define PACKAGE_TARNAME "libusb"
| #define PACKAGE_VERSION "1.0.23"
| #define PACKAGE_STRING "libusb 1.0.23"
| #define PACKAGE_BUGREPORT "libusb-devel@lists.sourceforge.net"
| #define PACKAGE_URL "http://libusb.info"
| #define PACKAGE "libusb"
| #define VERSION "1.0.23"
| #define STDC_HEADERS 1
| #define HAVE_SYS_TYPES_H 1
| #define HAVE_SYS_STAT_H 1
| #define HAVE_STDLIB_H 1
| #define HAVE_STRING_H 1
| #define HAVE_MEMORY_H 1
| #define HAVE_STRINGS_H 1
| #define HAVE_INTTYPES_H 1
| #define HAVE_STDINT_H 1
| #define HAVE_UNISTD_H 1
| #define HAVE_DLFCN_H 1
| #define LT_OBJDIR ".libs/"
| #define _GNU_SOURCE 1
| #define OS_LINUX 1
| #define HAVE_LIBUDEV 1
| #define HAVE_PTHREAD_SETNAME_NP 1
| #define POLL_POSIX 1
| #define HAVE_NFDS_T 1
| #define HAVE_PIPE2 1
| #define THREADS_POSIX 1
| #define HAVE_SYS_TIME_H 1
| #define HAVE_CLOCK_GETTIME 1
| #define HAVE_DECL_TFD_NONBLOCK 1
| #define HAVE_DECL_TFD_CLOEXEC 1
| #define HAVE_TIMERFD 1
| #define ENABLE_LOGGING 1
| /* end confdefs.h.  */
| 
| int
| main ()
| {
| 
|   ;
|   return 0;
| }
configure:17003: gcc -c -Wall -Wextra -Wbad-function-cast -Wchar-subscripts -Wempty-body -Wformat -Wformat-security -Winit-self -Winline -Wmissing-declarations -Wmissing-include-dirs -Wmissing-prototypes -Wnested-externs -Wold-style-definition -Wpointer-arith -Wredundant-decls -Wshadow -Wstrict-prototypes -Wswitch-enum -Wundef -Wuninitialized -Wunused -Wwrite-strings -Wno-unused-parameter -Wno-unused-function -Wno-deprecated-declarations -Wno-incompatible-pointer-types-discards-qualifiers -Wno-pointer-sign  conftest.c >&5
conftest.c:40:1: warning: function declaration isn't a prototype [-Wstrict-prototypes]
 main ()
 ^~~~
conftest.c: In function 'main':
conftest.c:40:1: warning: old-style function definition [-Wold-style-definition]
conftest.c: At top level:
cc1: warning: unrecognized command line option '-Wno-incompatible-pointer-types-discards-qualifiers'
configure:17003: $? = 0
configure:17013: checking whether CC supports -std=gnu11
configure:17026: gcc -c -std=gnu11  conftest.c >&5
configure:17026: $? = 0
configure:17027: result: yes
configure:17042: checking whether CC supports _Thread_local
configure:17055: gcc -o conftest -Wall -Wextra -Wbad-function-cast -Wchar-subscripts -Wempty-body -Wformat -Wformat-security -Winit-self -Winline -Wmissing-declarations -Wmissing-include-dirs -Wmissing-prototypes -Wnested-externs -Wold-style-definition -Wpointer-arith -Wredundant-decls -Wshadow -Wstrict-prototypes -Wswitch-enum -Wundef -Wuninitialized -Wunused -Wwrite-strings -Wno-unused-parameter -Wno-unused-function -Wno-deprecated-declarations -Wno-incompatible-pointer-types-discards-qualifiers -fPIC   -shared conftest.c -ludev  -pthread >&5
conftest.c:40:1: warning: function declaration isn't a prototype [-Wstrict-prototypes]
 main ()
 ^~~~
conftest.c: In function 'main':
conftest.c:40:1: warning: old-style function definition [-Wold-style-definition]
conftest.c:42:26: warning: unused variable 'v' [-Wunused-variable]
 static _Thread_local int v
                          ^
At top level:
conftest.c:42:26: warning: 'v' defined but not used [-Wunused-variable]
cc1: warning: unrecognized command line option '-Wno-incompatible-pointer-types-discards-qualifiers'
configure:17055: $? = 0
configure:17056: result: yes
configure:17199: checking that generated files are newer than configure
configure:17205: result: done
configure:17300: creating ./config.status

## ---------------------- ##
## Running config.status. ##
## ---------------------- ##

This file was extended by libusb config.status 1.0.23, which was
generated by GNU Autoconf 2.69.  Invocation command line was

  CONFIG_FILES    = 
  CONFIG_HEADERS  = 
  CONFIG_LINKS    = 
  CONFIG_COMMANDS = 
  $ ./config.status 

on astra

config.status:1260: creating libusb-1.0.pc
config.status:1260: creating Makefile
config.status:1260: creating libusb/Makefile
config.status:1260: creating examples/Makefile
config.status:1260: creating tests/Makefile
config.status:1260: creating doc/Makefile
config.status:1260: creating doc/doxygen.cfg
config.status:1260: creating config.h
config.status:1489: executing depfiles commands
config.status:1489: executing libtool commands

## ---------------- ##
## Cache variables. ##
## ---------------- ##

ac_cv_build=x86_64-pc-linux-gnu
ac_cv_c_compiler_gnu=yes
ac_cv_c_inline=inline
ac_cv_cxx_compiler_gnu=yes
ac_cv_env_CCC_set=
ac_cv_env_CCC_value=
ac_cv_env_CC_set=
ac_cv_env_CC_value=
ac_cv_env_CFLAGS_set=set
ac_cv_env_CFLAGS_value='-Wall -Wextra -Wbad-function-cast -Wchar-subscripts -Wempty-body -Wformat -Wformat-security -Winit-self -Winline -Wmissing-declarations -Wmissing-include-dirs -Wmissing-prototypes -Wnested-externs -Wold-style-definition -Wpointer-arith -Wredundant-decls -Wshadow -Wstrict-prototypes -Wswitch-enum -Wundef -Wuninitialized -Wunused -Wwrite-strings -Wno-unused-parameter -Wno-unused-function -Wno-deprecated-declarations -Wno-incompatible-pointer-types-discards-qualifiers'
ac_cv_env_CPPFLAGS_set=
ac_cv_env_CPPFLAGS_value=
ac_cv_env_CPP_set=
ac_cv_env_CPP_value=
ac_cv_env_CXXCPP_set=
ac_cv_env_CXXCPP_value=
ac_cv_env_CXXFLAGS_set=
ac_cv_env_CXXFLAGS_value=
ac_cv_env_CXX_set=
ac_cv_env_CXX_value=
ac_cv_env_LDFLAGS_set=
ac_cv_env_LDFLAGS_value=
ac_cv_env_LIBS_set=
ac_cv_env_LIBS_value=
ac_cv_env_LT_SYS_LIBRARY_PATH_set=
ac_cv_env_LT_SYS_LIBRARY_PATH_value=
ac_cv_env_build_alias_set=
ac_cv_env_build_alias_value=
ac_cv_env_host_alias_set=
ac_cv_env_host_alias_value=
ac_cv_env_target_alias_set=
ac_cv_env_target_alias_value=
ac_cv_func_clock_gettime=yes
ac_cv_func_pipe2=yes
ac_cv_func_pthread_setname_np=yes
ac_cv_func_sigaction=yes
ac_cv_func_timerfd_create=yes
ac_cv_have_decl_CLOCK_MONOTONIC=yes
ac_cv_have_decl_CLOCK_REALTIME=yes
ac_cv_have_decl_TFD_CLOEXEC=yes
ac_cv_have_decl_TFD_NONBLOCK=yes
ac_cv_header_dlfcn_h=yes
ac_cv_header_inttypes_h=yes
ac_cv_header_libudev_h=yes
ac_cv_header_memory_h=yes
ac_cv_header_stdc=yes
ac_cv_header_stdint_h=yes
ac_cv_header_stdlib_h=yes
ac_cv_header_string_h=yes
ac_cv_header_strings_h=yes
ac_cv_header_sys_stat_h=yes
ac_cv_header_sys_time_h=yes
ac_cv_header_sys_timerfd_h=yes
ac_cv_header_sys_types_h=yes
ac_cv_header_unistd_h=yes
ac_cv_host=x86_64-pc-linux-gnu
ac_cv_lib_udev_udev_new=yes
ac_cv_objext=o
ac_cv_path_EGREP='/bin/grep -E'
ac_cv_path_FGREP='/bin/grep -F'
ac_cv_path_GREP=/bin/grep
ac_cv_path_SED=/bin/sed
ac_cv_path_install='/usr/bin/install -c'
ac_cv_path_lt_DD=/bin/dd
ac_cv_path_mkdir=/bin/mkdir
ac_cv_prog_AWK=gawk
ac_cv_prog_CPP='gcc -E'
ac_cv_prog_CXXCPP='g++ -E'
ac_cv_prog_ac_ct_AR=ar
ac_cv_prog_ac_ct_CC=gcc
ac_cv_prog_ac_ct_CXX=g++
ac_cv_prog_ac_ct_MANIFEST_TOOL=mt
ac_cv_prog_ac_ct_OBJDUMP=objdump
ac_cv_prog_ac_ct_RANLIB=ranlib
ac_cv_prog_ac_ct_STRIP=strip
ac_cv_prog_cc_c89=
ac_cv_prog_cc_g=yes
ac_cv_prog_cxx_g=yes
ac_cv_prog_make_make_set=yes
ac_cv_search_clock_gettime='none required'
ac_cv_type_nfds_t=yes
am_cv_CC_dependencies_compiler_type=gcc3
am_cv_CXX_dependencies_compiler_type=gcc3
am_cv_make_support_nested_variables=yes
am_cv_prog_cc_c_o=yes
lt_cv_ar_at_file=@
lt_cv_archive_cmds_need_lc=no
lt_cv_deplibs_check_method=pass_all
lt_cv_file_magic_cmd='$MAGIC_CMD'
lt_cv_file_magic_test_file=
lt_cv_ld_reload_flag=-r
lt_cv_nm_interface='BSD nm'
lt_cv_objdir=.libs
lt_cv_path_LD=/usr/bin/ld
lt_cv_path_LDCXX='/usr/bin/ld -m elf_x86_64'
lt_cv_path_NM='/usr/bin/nm -B'
lt_cv_path_mainfest_tool=no
lt_cv_prog_compiler_c_o=yes
lt_cv_prog_compiler_c_o_CXX=yes
lt_cv_prog_compiler_c_o_RC=yes
lt_cv_prog_compiler_pic='-fPIC -DPIC'
lt_cv_prog_compiler_pic_CXX='-fPIC -DPIC'
lt_cv_prog_compiler_pic_works=yes
lt_cv_prog_compiler_pic_works_CXX=yes
lt_cv_prog_compiler_rtti_exceptions=no
lt_cv_prog_compiler_static_works=yes
lt_cv_prog_compiler_static_works_CXX=yes
lt_cv_prog_gnu_ld=yes
lt_cv_prog_gnu_ldcxx=yes
lt_cv_sharedlib_from_linklib_cmd='printf %s\n'
lt_cv_shlibpath_overrides_runpath=yes
lt_cv_sys_global_symbol_pipe='sed -n -e '\''s/^.*[	 ]\([ABCDGIRSTW][ABCDGIRSTW]*\)[	 ][	 ]*\([_A-Za-z][_A-Za-z0-9]*\)$/\1 \2 \2/p'\'' | sed '\''/ __gnu_lto/d'\'''
lt_cv_sys_global_symbol_to_c_name_address='sed -n -e '\''s/^: \(.*\) .*$/  {"\1", (void *) 0},/p'\'' -e '\''s/^[ABCDGIRSTW][ABCDGIRSTW]* .* \(.*\)$/  {"\1", (void *) \&\1},/p'\'''
lt_cv_sys_global_symbol_to_c_name_address_lib_prefix='sed -n -e '\''s/^: \(.*\) .*$/  {"\1", (void *) 0},/p'\'' -e '\''s/^[ABCDGIRSTW][ABCDGIRSTW]* .* \(lib.*\)$/  {"\1", (void *) \&\1},/p'\'' -e '\''s/^[ABCDGIRSTW][ABCDGIRSTW]* .* \(.*\)$/  {"lib\1", (void *) \&\1},/p'\'''
lt_cv_sys_global_symbol_to_cdecl='sed -n -e '\''s/^T .* \(.*\)$/extern int \1();/p'\'' -e '\''s/^[ABCDGIRSTW][ABCDGIRSTW]* .* \(.*\)$/extern char \1;/p'\'''
lt_cv_sys_global_symbol_to_import=
lt_cv_sys_max_cmd_len=1572864
lt_cv_to_host_file_cmd=func_convert_file_noop
lt_cv_to_tool_file_cmd=func_convert_file_noop
lt_cv_truncate_bin='/bin/dd bs=4096 count=1'

## ----------------- ##
## Output variables. ##
## ----------------- ##

ACLOCAL='${SHELL} /home/astra/Загрузки/proj/clb_driver_dll/extern_libs/libusb-master/missing aclocal-1.15'
AMDEPBACKSLASH='\'
AMDEP_FALSE='#'
AMDEP_TRUE=''
AMTAR='$${TAR-tar}'
AM_BACKSLASH='\'
AM_CFLAGS=' -std=gnu11 -Wall -Wundef -Wunused -Wstrict-prototypes -Werror-implicit-function-declaration -Wno-pointer-sign -Wshadow -pthread '
AM_DEFAULT_V='$(AM_DEFAULT_VERBOSITY)'
AM_DEFAULT_VERBOSITY='0'
AM_V='$(V)'
AR='ar'
AUTOCONF='${SHELL} /home/astra/Загрузки/proj/clb_driver_dll/extern_libs/libusb-master/missing autoconf'
AUTOHEADER='${SHELL} /home/astra/Загрузки/proj/clb_driver_dll/extern_libs/libusb-master/missing autoheader'
AUTOMAKE='${SHELL} /home/astra/Загрузки/proj/clb_driver_dll/extern_libs/libusb-master/missing automake-1.15'
AWK='gawk'
BUILD_EXAMPLES_FALSE='#'
BUILD_EXAMPLES_TRUE=''
BUILD_TESTS_FALSE='#'
BUILD_TESTS_TRUE=''
CC='gcc'
CCDEPMODE='depmode=gcc3'
CFLAGS='-Wall -Wextra -Wbad-function-cast -Wchar-subscripts -Wempty-body -Wformat -Wformat-security -Winit-self -Winline -Wmissing-declarations -Wmissing-include-dirs -Wmissing-prototypes -Wnested-externs -Wold-style-definition -Wpointer-arith -Wredundant-decls -Wshadow -Wstrict-prototypes -Wswitch-enum -Wundef -Wuninitialized -Wunused -Wwrite-strings -Wno-unused-parameter -Wno-unused-function -Wno-deprecated-declarations -Wno-incompatible-pointer-types-discards-qualifiers'
CPP='gcc -E'
CPPFLAGS=''
CREATE_IMPORT_LIB_FALSE=''
CREATE_IMPORT_LIB_TRUE='#'
CXX='g++'
CXXCPP='g++ -E'
CXXDEPMODE='depmode=gcc3'
CXXFLAGS='-g -O2'
CYGPATH_W='echo'
DEFS='-DHAVE_CONFIG_H'
DEPDIR='.deps'
DLLTOOL='false'
DSYMUTIL=''
DUMPBIN=''
ECHO_C=''
ECHO_N='-n'
ECHO_T=''
EGREP='/bin/grep -E'
EXEEXT=''
FGREP='/bin/grep -F'
GREP='/bin/grep'
HAVE_SIGACTION_FALSE='#'
HAVE_SIGACTION_TRUE=''
INSTALL_DATA='${INSTALL} -m 644'
INSTALL_PROGRAM='${INSTALL}'
INSTALL_SCRIPT='${INSTALL}'
INSTALL_STRIP_PROGRAM='$(install_sh) -c -s'
LD='/usr/bin/ld -m elf_x86_64'
LDFLAGS=''
LIBOBJS=''
LIBS='-ludev  -pthread'
LIBTOOL='$(SHELL) $(top_builddir)/libtool'
LIPO=''
LN_S='ln -s'
LTLDFLAGS='-version-info 2:0:2 -no-undefined'
LTLIBOBJS=''
LT_SYS_LIBRARY_PATH=''
MAKEINFO='${SHELL} /home/astra/Загрузки/proj/clb_driver_dll/extern_libs/libusb-master/missing makeinfo'
MANIFEST_TOOL=':'
MKDIR_P='/bin/mkdir -p'
NM='/usr/bin/nm -B'
NMEDIT=''
OBJDUMP='objdump'
OBJEXT='o'
OS_DARWIN_FALSE=''
OS_DARWIN_TRUE='#'
OS_HAIKU_FALSE=''
OS_HAIKU_TRUE='#'
OS_LINUX_FALSE='#'
OS_LINUX_TRUE=''
OS_NETBSD_FALSE=''
OS_NETBSD_TRUE='#'
OS_NULL_FALSE=''
OS_NULL_TRUE='#'
OS_OPENBSD_FALSE=''
OS_OPENBSD_TRUE='#'
OS_SUNOS_FALSE=''
OS_SUNOS_TRUE='#'
OS_WINDOWS_FALSE=''
OS_WINDOWS_TRUE='#'
OTOOL64=''
OTOOL=''
PACKAGE='libusb'
PACKAGE_BUGREPORT='libusb-devel@lists.sourceforge.net'
PACKAGE_NAME='libusb'
PACKAGE_STRING='libusb 1.0.23'
PACKAGE_TARNAME='libusb'
PACKAGE_URL='http://libusb.info'
PACKAGE_VERSION='1.0.23'
PATH_SEPARATOR=':'
POLL_POSIX_FALSE='#'
POLL_POSIX_TRUE=''
POLL_WINDOWS_FALSE=''
POLL_WINDOWS_TRUE='#'
RANLIB='ranlib'
RC=''
SED='/bin/sed'
SET_MAKE=''
SHELL='/bin/sh'
STRIP='strip'
THREADS_POSIX_FALSE='#'
THREADS_POSIX_TRUE=''
THREADS_WINDOWS_FALSE=''
THREADS_WINDOWS_TRUE='#'
USE_UDEV_FALSE='#'
USE_UDEV_TRUE=''
VERSION='1.0.23'
ac_ct_AR='ar'
ac_ct_CC='gcc'
ac_ct_CXX='g++'
ac_ct_DUMPBIN=''
am__EXEEXT_FALSE=''
am__EXEEXT_TRUE='#'
am__fastdepCC_FALSE='#'
am__fastdepCC_TRUE=''
am__fastdepCXX_FALSE='#'
am__fastdepCXX_TRUE=''
am__include='include'
am__isrc=''
am__leading_dot='.'
am__nodep='_no'
am__quote=''
am__tar='$${TAR-tar} chof - "$$tardir"'
am__untar='$${TAR-tar} xf -'
bindir='${exec_prefix}/bin'
build='x86_64-pc-linux-gnu'
build_alias=''
build_cpu='x86_64'
build_os='linux-gnu'
build_vendor='pc'
datadir='${datarootdir}'
datarootdir='${prefix}/share'
docdir='${datarootdir}/doc/${PACKAGE_TARNAME}'
dvidir='${docdir}'
exec_prefix='${prefix}'
host='x86_64-pc-linux-gnu'
host_alias=''
host_cpu='x86_64'
host_os='linux-gnu'
host_vendor='pc'
htmldir='${docdir}'
includedir='${prefix}/include'
infodir='${datarootdir}/info'
install_sh='${SHELL} /home/astra/Загрузки/proj/clb_driver_dll/extern_libs/libusb-master/install-sh'
libdir='${exec_prefix}/lib'
libexecdir='${exec_prefix}/libexec'
localedir='${datarootdir}/locale'
localstatedir='${prefix}/var'
mandir='${datarootdir}/man'
mkdir_p='$(MKDIR_P)'
oldincludedir='/usr/include'
pdfdir='${docdir}'
prefix='/usr/local'
program_transform_name='s,x,x,'
psdir='${docdir}'
runstatedir='${localstatedir}/run'
sbindir='${exec_prefix}/sbin'
sharedstatedir='${prefix}/com'
sysconfdir='${prefix}/etc'
target_alias=''

## ----------- ##
## confdefs.h. ##
## ----------- ##

/* confdefs.h */
#define PACKAGE_NAME "libusb"
#define PACKAGE_TARNAME "libusb"
#define PACKAGE_VERSION "1.0.23"
#define PACKAGE_STRING "libusb 1.0.23"
#define PACKAGE_BUGREPORT "libusb-devel@lists.sourceforge.net"
#define PACKAGE_URL "http://libusb.info"
#define PACKAGE "libusb"
#define VERSION "1.0.23"
#define STDC_HEADERS 1
#define HAVE_SYS_TYPES_H 1
#define HAVE_SYS_STAT_H 1
#define HAVE_STDLIB_H 1
#define HAVE_STRING_H 1
#define HAVE_MEMORY_H 1
#define HAVE_STRINGS_H 1
#define HAVE_INTTYPES_H 1
#define HAVE_STDINT_H 1
#define HAVE_UNISTD_H 1
#define HAVE_DLFCN_H 1
#define LT_OBJDIR ".libs/"
#define _GNU_SOURCE 1
#define OS_LINUX 1
#define HAVE_LIBUDEV 1
#define HAVE_PTHREAD_SETNAME_NP 1
#define POLL_POSIX 1
#define HAVE_NFDS_T 1
#define HAVE_PIPE2 1
#define THREADS_POSIX 1
#define HAVE_SYS_TIME_H 1
#define HAVE_CLOCK_GETTIME 1
#define HAVE_DECL_TFD_NONBLOCK 1
#define HAVE_DECL_TFD_CLOEXEC 1
#define HAVE_TIMERFD 1
#define ENABLE_LOGGING 1
#define DEFAULT_VISIBILITY /**/
#define HAVE_CC_THREAD_LOCAL 1

configure: exit 0
